Traceback (most recent call last):
  File "/usr/lib/python3.6/runpy.py", line 193, in _run_module_as_main
    "__main__", mod_spec)
  File "/usr/lib/python3.6/runpy.py", line 85, in _run_code
    exec(code, run_globals)
  File "/home/duyufeng/OpenNE/src/openne/__main__.py", line 13, in <module>
    from . import tasks, dataloaders, models
  File "/home/duyufeng/OpenNE/src/openne/tasks/__init__.py", line 2, in <module>
    from .supervised_node_classification import SupervisedNodeClassification, supervisedmodels
  File "/home/duyufeng/OpenNE/src/openne/tasks/supervised_node_classification.py", line 4, in <module>
    from ..models import GCN
  File "/home/duyufeng/OpenNE/src/openne/models/__init__.py", line 18, in <module>
    from .ss_graphmodel import SS_GraphModel # graph classification node sampler
  File "/home/duyufeng/OpenNE/src/openne/models/ss_graphmodel.py", line 10, in <module>
    from ..dataloaders import Graphs
  File "/home/duyufeng/OpenNE/src/openne/dataloaders/__init__.py", line 5, in <module>
    from .graphs import Graphs, MUTAG, PTC_MR, IMDB_BINARY, IMDB_MULTI, REDDIT_BINARY
  File "/home/duyufeng/OpenNE/src/openne/dataloaders/graphs.py", line 3, in <module>
    from torch_geometric.data import DataLoader
ModuleNotFoundError: No module named 'torch_geometric'
Traceback (most recent call last):
  File "/usr/lib/python3.6/runpy.py", line 193, in _run_module_as_main
    "__main__", mod_spec)
  File "/usr/lib/python3.6/runpy.py", line 85, in _run_code
    exec(code, run_globals)
  File "/home/duyufeng/OpenNE/src/openne/__main__.py", line 13, in <module>
    from . import tasks, dataloaders, models
  File "/home/duyufeng/OpenNE/src/openne/tasks/__init__.py", line 2, in <module>
    from .supervised_node_classification import SupervisedNodeClassification, supervisedmodels
  File "/home/duyufeng/OpenNE/src/openne/tasks/supervised_node_classification.py", line 4, in <module>
    from ..models import GCN
  File "/home/duyufeng/OpenNE/src/openne/models/__init__.py", line 18, in <module>
    from .ss_graphmodel import SS_GraphModel # graph classification node sampler
  File "/home/duyufeng/OpenNE/src/openne/models/ss_graphmodel.py", line 10, in <module>
    from ..dataloaders import Graphs
  File "/home/duyufeng/OpenNE/src/openne/dataloaders/__init__.py", line 5, in <module>
    from .graphs import Graphs, MUTAG, PTC_MR, IMDB_BINARY, IMDB_MULTI, REDDIT_BINARY
  File "/home/duyufeng/OpenNE/src/openne/dataloaders/graphs.py", line 3, in <module>
    from torch_geometric.data import DataLoader
ModuleNotFoundError: No module named 'torch_geometric'
Traceback (most recent call last):
  File "/usr/lib/python3.6/runpy.py", line 193, in _run_module_as_main
    "__main__", mod_spec)
  File "/usr/lib/python3.6/runpy.py", line 85, in _run_code
    exec(code, run_globals)
  File "/home/duyufeng/OpenNE/src/openne/__main__.py", line 13, in <module>
    from . import tasks, dataloaders, models
  File "/home/duyufeng/OpenNE/src/openne/tasks/__init__.py", line 2, in <module>
    from .supervised_node_classification import SupervisedNodeClassification, supervisedmodels
  File "/home/duyufeng/OpenNE/src/openne/tasks/supervised_node_classification.py", line 4, in <module>
    from ..models import GCN
  File "/home/duyufeng/OpenNE/src/openne/models/__init__.py", line 18, in <module>
    from .ss_graphmodel import SS_GraphModel # graph classification node sampler
  File "/home/duyufeng/OpenNE/src/openne/models/ss_graphmodel.py", line 10, in <module>
    from ..dataloaders import Graphs
  File "/home/duyufeng/OpenNE/src/openne/dataloaders/__init__.py", line 5, in <module>
    from .graphs import Graphs, MUTAG, PTC_MR, IMDB_BINARY, IMDB_MULTI, REDDIT_BINARY
  File "/home/duyufeng/OpenNE/src/openne/dataloaders/graphs.py", line 3, in <module>
    from torch_geometric.data import DataLoader
ModuleNotFoundError: No module named 'torch_geometric'
Traceback (most recent call last):
  File "/usr/lib/python3.6/runpy.py", line 193, in _run_module_as_main
    "__main__", mod_spec)
  File "/usr/lib/python3.6/runpy.py", line 85, in _run_code
    exec(code, run_globals)
  File "/home/duyufeng/OpenNE/src/openne/__main__.py", line 13, in <module>
    from . import tasks, dataloaders, models
  File "/home/duyufeng/OpenNE/src/openne/tasks/__init__.py", line 2, in <module>
    from .supervised_node_classification import SupervisedNodeClassification, supervisedmodels
  File "/home/duyufeng/OpenNE/src/openne/tasks/supervised_node_classification.py", line 4, in <module>
    from ..models import GCN
  File "/home/duyufeng/OpenNE/src/openne/models/__init__.py", line 18, in <module>
    from .ss_graphmodel import SS_GraphModel # graph classification node sampler
  File "/home/duyufeng/OpenNE/src/openne/models/ss_graphmodel.py", line 10, in <module>
    from ..dataloaders import Graphs
  File "/home/duyufeng/OpenNE/src/openne/dataloaders/__init__.py", line 5, in <module>
    from .graphs import Graphs, MUTAG, PTC_MR, IMDB_BINARY, IMDB_MULTI, REDDIT_BINARY
  File "/home/duyufeng/OpenNE/src/openne/dataloaders/graphs.py", line 3, in <module>
    from torch_geometric.data import DataLoader
ModuleNotFoundError: No module named 'torch_geometric'
Traceback (most recent call last):
  File "/usr/lib/python3.6/runpy.py", line 193, in _run_module_as_main
    "__main__", mod_spec)
  File "/usr/lib/python3.6/runpy.py", line 85, in _run_code
    exec(code, run_globals)
  File "/home/duyufeng/OpenNE/src/openne/__main__.py", line 13, in <module>
    from . import tasks, dataloaders, models
  File "/home/duyufeng/OpenNE/src/openne/tasks/__init__.py", line 2, in <module>
    from .supervised_node_classification import SupervisedNodeClassification, supervisedmodels
  File "/home/duyufeng/OpenNE/src/openne/tasks/supervised_node_classification.py", line 4, in <module>
    from ..models import GCN
  File "/home/duyufeng/OpenNE/src/openne/models/__init__.py", line 18, in <module>
    from .ss_graphmodel import SS_GraphModel # graph classification node sampler
  File "/home/duyufeng/OpenNE/src/openne/models/ss_graphmodel.py", line 10, in <module>
    from ..dataloaders import Graphs
  File "/home/duyufeng/OpenNE/src/openne/dataloaders/__init__.py", line 5, in <module>
    from .graphs import Graphs, MUTAG, PTC_MR, IMDB_BINARY, IMDB_MULTI, REDDIT_BINARY
  File "/home/duyufeng/OpenNE/src/openne/dataloaders/graphs.py", line 3, in <module>
    from torch_geometric.data import DataLoader
ModuleNotFoundError: No module named 'torch_geometric'
Traceback (most recent call last):
  File "/usr/lib/python3.6/runpy.py", line 193, in _run_module_as_main
    "__main__", mod_spec)
  File "/usr/lib/python3.6/runpy.py", line 85, in _run_code
    exec(code, run_globals)
  File "/home/duyufeng/OpenNE/src/openne/__main__.py", line 13, in <module>
    from . import tasks, dataloaders, models
  File "/home/duyufeng/OpenNE/src/openne/tasks/__init__.py", line 2, in <module>
    from .supervised_node_classification import SupervisedNodeClassification, supervisedmodels
  File "/home/duyufeng/OpenNE/src/openne/tasks/supervised_node_classification.py", line 4, in <module>
    from ..models import GCN
  File "/home/duyufeng/OpenNE/src/openne/models/__init__.py", line 18, in <module>
    from .ss_graphmodel import SS_GraphModel # graph classification node sampler
  File "/home/duyufeng/OpenNE/src/openne/models/ss_graphmodel.py", line 10, in <module>
    from ..dataloaders import Graphs
  File "/home/duyufeng/OpenNE/src/openne/dataloaders/__init__.py", line 5, in <module>
    from .graphs import Graphs, MUTAG, PTC_MR, IMDB_BINARY, IMDB_MULTI, REDDIT_BINARY
  File "/home/duyufeng/OpenNE/src/openne/dataloaders/graphs.py", line 3, in <module>
    from torch_geometric.data import DataLoader
ModuleNotFoundError: No module named 'torch_geometric'
Traceback (most recent call last):
  File "/usr/lib/python3.6/runpy.py", line 193, in _run_module_as_main
    "__main__", mod_spec)
  File "/usr/lib/python3.6/runpy.py", line 85, in _run_code
    exec(code, run_globals)
  File "/home/duyufeng/OpenNE/src/openne/__main__.py", line 13, in <module>
    from . import tasks, dataloaders, models
  File "/home/duyufeng/OpenNE/src/openne/tasks/__init__.py", line 2, in <module>
    from .supervised_node_classification import SupervisedNodeClassification, supervisedmodels
  File "/home/duyufeng/OpenNE/src/openne/tasks/supervised_node_classification.py", line 4, in <module>
    from ..models import GCN
  File "/home/duyufeng/OpenNE/src/openne/models/__init__.py", line 18, in <module>
    from .ss_graphmodel import SS_GraphModel # graph classification node sampler
  File "/home/duyufeng/OpenNE/src/openne/models/ss_graphmodel.py", line 10, in <module>
    from ..dataloaders import Graphs
  File "/home/duyufeng/OpenNE/src/openne/dataloaders/__init__.py", line 5, in <module>
    from .graphs import Graphs, MUTAG, PTC_MR, IMDB_BINARY, IMDB_MULTI, REDDIT_BINARY
  File "/home/duyufeng/OpenNE/src/openne/dataloaders/graphs.py", line 3, in <module>
    from torch_geometric.data import DataLoader
ModuleNotFoundError: No module named 'torch_geometric'
Traceback (most recent call last):
  File "/usr/lib/python3.6/runpy.py", line 193, in _run_module_as_main
    "__main__", mod_spec)
  File "/usr/lib/python3.6/runpy.py", line 85, in _run_code
    exec(code, run_globals)
  File "/home/duyufeng/OpenNE/src/openne/__main__.py", line 13, in <module>
    from . import tasks, dataloaders, models
  File "/home/duyufeng/OpenNE/src/openne/tasks/__init__.py", line 2, in <module>
    from .supervised_node_classification import SupervisedNodeClassification, supervisedmodels
  File "/home/duyufeng/OpenNE/src/openne/tasks/supervised_node_classification.py", line 4, in <module>
    from ..models import GCN
  File "/home/duyufeng/OpenNE/src/openne/models/__init__.py", line 18, in <module>
    from .ss_graphmodel import SS_GraphModel # graph classification node sampler
  File "/home/duyufeng/OpenNE/src/openne/models/ss_graphmodel.py", line 10, in <module>
    from ..dataloaders import Graphs
  File "/home/duyufeng/OpenNE/src/openne/dataloaders/__init__.py", line 5, in <module>
    from .graphs import Graphs, MUTAG, PTC_MR, IMDB_BINARY, IMDB_MULTI, REDDIT_BINARY
  File "/home/duyufeng/OpenNE/src/openne/dataloaders/graphs.py", line 3, in <module>
    from torch_geometric.data import DataLoader
ModuleNotFoundError: No module named 'torch_geometric'
Traceback (most recent call last):
  File "/usr/lib/python3.6/runpy.py", line 193, in _run_module_as_main
    "__main__", mod_spec)
  File "/usr/lib/python3.6/runpy.py", line 85, in _run_code
    exec(code, run_globals)
  File "/home/duyufeng/OpenNE/src/openne/__main__.py", line 13, in <module>
    from . import tasks, dataloaders, models
  File "/home/duyufeng/OpenNE/src/openne/tasks/__init__.py", line 2, in <module>
    from .supervised_node_classification import SupervisedNodeClassification, supervisedmodels
  File "/home/duyufeng/OpenNE/src/openne/tasks/supervised_node_classification.py", line 4, in <module>
    from ..models import GCN
  File "/home/duyufeng/OpenNE/src/openne/models/__init__.py", line 18, in <module>
    from .ss_graphmodel import SS_GraphModel # graph classification node sampler
  File "/home/duyufeng/OpenNE/src/openne/models/ss_graphmodel.py", line 10, in <module>
    from ..dataloaders import Graphs
  File "/home/duyufeng/OpenNE/src/openne/dataloaders/__init__.py", line 5, in <module>
    from .graphs import Graphs, MUTAG, PTC_MR, IMDB_BINARY, IMDB_MULTI, REDDIT_BINARY
  File "/home/duyufeng/OpenNE/src/openne/dataloaders/graphs.py", line 3, in <module>
    from torch_geometric.data import DataLoader
ModuleNotFoundError: No module named 'torch_geometric'
Traceback (most recent call last):
  File "/usr/lib/python3.6/runpy.py", line 193, in _run_module_as_main
    "__main__", mod_spec)
  File "/usr/lib/python3.6/runpy.py", line 85, in _run_code
    exec(code, run_globals)
  File "/home/duyufeng/OpenNE/src/openne/__main__.py", line 13, in <module>
    from . import tasks, dataloaders, models
  File "/home/duyufeng/OpenNE/src/openne/tasks/__init__.py", line 2, in <module>
    from .supervised_node_classification import SupervisedNodeClassification, supervisedmodels
  File "/home/duyufeng/OpenNE/src/openne/tasks/supervised_node_classification.py", line 4, in <module>
    from ..models import GCN
  File "/home/duyufeng/OpenNE/src/openne/models/__init__.py", line 18, in <module>
    from .ss_graphmodel import SS_GraphModel # graph classification node sampler
  File "/home/duyufeng/OpenNE/src/openne/models/ss_graphmodel.py", line 10, in <module>
    from ..dataloaders import Graphs
  File "/home/duyufeng/OpenNE/src/openne/dataloaders/__init__.py", line 5, in <module>
    from .graphs import Graphs, MUTAG, PTC_MR, IMDB_BINARY, IMDB_MULTI, REDDIT_BINARY
  File "/home/duyufeng/OpenNE/src/openne/dataloaders/graphs.py", line 3, in <module>
    from torch_geometric.data import DataLoader
ModuleNotFoundError: No module named 'torch_geometric'
Traceback (most recent call last):
  File "/usr/lib/python3.6/runpy.py", line 193, in _run_module_as_main
    "__main__", mod_spec)
  File "/usr/lib/python3.6/runpy.py", line 85, in _run_code
    exec(code, run_globals)
  File "/home/duyufeng/OpenNE/src/openne/__main__.py", line 13, in <module>
    from . import tasks, dataloaders, models
  File "/home/duyufeng/OpenNE/src/openne/tasks/__init__.py", line 2, in <module>
    from .supervised_node_classification import SupervisedNodeClassification, supervisedmodels
  File "/home/duyufeng/OpenNE/src/openne/tasks/supervised_node_classification.py", line 4, in <module>
    from ..models import GCN
  File "/home/duyufeng/OpenNE/src/openne/models/__init__.py", line 18, in <module>
    from .ss_graphmodel import SS_GraphModel # graph classification node sampler
  File "/home/duyufeng/OpenNE/src/openne/models/ss_graphmodel.py", line 10, in <module>
    from ..dataloaders import Graphs
  File "/home/duyufeng/OpenNE/src/openne/dataloaders/__init__.py", line 5, in <module>
    from .graphs import Graphs, MUTAG, PTC_MR, IMDB_BINARY, IMDB_MULTI, REDDIT_BINARY
  File "/home/duyufeng/OpenNE/src/openne/dataloaders/graphs.py", line 3, in <module>
    from torch_geometric.data import DataLoader
ModuleNotFoundError: No module named 'torch_geometric'
Traceback (most recent call last):
  File "/usr/lib/python3.6/runpy.py", line 193, in _run_module_as_main
    "__main__", mod_spec)
  File "/usr/lib/python3.6/runpy.py", line 85, in _run_code
    exec(code, run_globals)
  File "/home/duyufeng/OpenNE/src/openne/__main__.py", line 13, in <module>
    from . import tasks, dataloaders, models
  File "/home/duyufeng/OpenNE/src/openne/tasks/__init__.py", line 2, in <module>
    from .supervised_node_classification import SupervisedNodeClassification, supervisedmodels
  File "/home/duyufeng/OpenNE/src/openne/tasks/supervised_node_classification.py", line 4, in <module>
    from ..models import GCN
  File "/home/duyufeng/OpenNE/src/openne/models/__init__.py", line 18, in <module>
    from .ss_graphmodel import SS_GraphModel # graph classification node sampler
  File "/home/duyufeng/OpenNE/src/openne/models/ss_graphmodel.py", line 10, in <module>
    from ..dataloaders import Graphs
  File "/home/duyufeng/OpenNE/src/openne/dataloaders/__init__.py", line 5, in <module>
    from .graphs import Graphs, MUTAG, PTC_MR, IMDB_BINARY, IMDB_MULTI, REDDIT_BINARY
  File "/home/duyufeng/OpenNE/src/openne/dataloaders/graphs.py", line 3, in <module>
    from torch_geometric.data import DataLoader
ModuleNotFoundError: No module named 'torch_geometric'
Traceback (most recent call last):
  File "/usr/lib/python3.6/runpy.py", line 193, in _run_module_as_main
    "__main__", mod_spec)
  File "/usr/lib/python3.6/runpy.py", line 85, in _run_code
    exec(code, run_globals)
  File "/home/duyufeng/OpenNE/src/openne/__main__.py", line 13, in <module>
    from . import tasks, dataloaders, models
  File "/home/duyufeng/OpenNE/src/openne/tasks/__init__.py", line 2, in <module>
    from .supervised_node_classification import SupervisedNodeClassification, supervisedmodels
  File "/home/duyufeng/OpenNE/src/openne/tasks/supervised_node_classification.py", line 4, in <module>
    from ..models import GCN
  File "/home/duyufeng/OpenNE/src/openne/models/__init__.py", line 18, in <module>
    from .ss_graphmodel import SS_GraphModel # graph classification node sampler
  File "/home/duyufeng/OpenNE/src/openne/models/ss_graphmodel.py", line 10, in <module>
    from ..dataloaders import Graphs
  File "/home/duyufeng/OpenNE/src/openne/dataloaders/__init__.py", line 5, in <module>
    from .graphs import Graphs, MUTAG, PTC_MR, IMDB_BINARY, IMDB_MULTI, REDDIT_BINARY
  File "/home/duyufeng/OpenNE/src/openne/dataloaders/graphs.py", line 3, in <module>
    from torch_geometric.data import DataLoader
ModuleNotFoundError: No module named 'torch_geometric'
Traceback (most recent call last):
  File "/usr/lib/python3.6/runpy.py", line 193, in _run_module_as_main
    "__main__", mod_spec)
  File "/usr/lib/python3.6/runpy.py", line 85, in _run_code
    exec(code, run_globals)
  File "/home/duyufeng/OpenNE/src/openne/__main__.py", line 13, in <module>
    from . import tasks, dataloaders, models
  File "/home/duyufeng/OpenNE/src/openne/tasks/__init__.py", line 2, in <module>
    from .supervised_node_classification import SupervisedNodeClassification, supervisedmodels
  File "/home/duyufeng/OpenNE/src/openne/tasks/supervised_node_classification.py", line 4, in <module>
    from ..models import GCN
  File "/home/duyufeng/OpenNE/src/openne/models/__init__.py", line 18, in <module>
    from .ss_graphmodel import SS_GraphModel # graph classification node sampler
  File "/home/duyufeng/OpenNE/src/openne/models/ss_graphmodel.py", line 10, in <module>
    from ..dataloaders import Graphs
  File "/home/duyufeng/OpenNE/src/openne/dataloaders/__init__.py", line 5, in <module>
    from .graphs import Graphs, MUTAG, PTC_MR, IMDB_BINARY, IMDB_MULTI, REDDIT_BINARY
  File "/home/duyufeng/OpenNE/src/openne/dataloaders/graphs.py", line 3, in <module>
    from torch_geometric.data import DataLoader
ModuleNotFoundError: No module named 'torch_geometric'
Traceback (most recent call last):
  File "/usr/lib/python3.6/runpy.py", line 193, in _run_module_as_main
    "__main__", mod_spec)
  File "/usr/lib/python3.6/runpy.py", line 85, in _run_code
    exec(code, run_globals)
  File "/home/duyufeng/OpenNE/src/openne/__main__.py", line 13, in <module>
    from . import tasks, dataloaders, models
  File "/home/duyufeng/OpenNE/src/openne/tasks/__init__.py", line 2, in <module>
    from .supervised_node_classification import SupervisedNodeClassification, supervisedmodels
  File "/home/duyufeng/OpenNE/src/openne/tasks/supervised_node_classification.py", line 4, in <module>
    from ..models import GCN
  File "/home/duyufeng/OpenNE/src/openne/models/__init__.py", line 18, in <module>
    from .ss_graphmodel import SS_GraphModel # graph classification node sampler
  File "/home/duyufeng/OpenNE/src/openne/models/ss_graphmodel.py", line 10, in <module>
    from ..dataloaders import Graphs
  File "/home/duyufeng/OpenNE/src/openne/dataloaders/__init__.py", line 5, in <module>
    from .graphs import Graphs, MUTAG, PTC_MR, IMDB_BINARY, IMDB_MULTI, REDDIT_BINARY
  File "/home/duyufeng/OpenNE/src/openne/dataloaders/graphs.py", line 3, in <module>
    from torch_geometric.data import DataLoader
ModuleNotFoundError: No module named 'torch_geometric'
Traceback (most recent call last):
  File "/usr/lib/python3.6/runpy.py", line 193, in _run_module_as_main
    "__main__", mod_spec)
  File "/usr/lib/python3.6/runpy.py", line 85, in _run_code
    exec(code, run_globals)
  File "/home/duyufeng/OpenNE/src/openne/__main__.py", line 13, in <module>
    from . import tasks, dataloaders, models
  File "/home/duyufeng/OpenNE/src/openne/tasks/__init__.py", line 2, in <module>
    from .supervised_node_classification import SupervisedNodeClassification, supervisedmodels
  File "/home/duyufeng/OpenNE/src/openne/tasks/supervised_node_classification.py", line 4, in <module>
    from ..models import GCN
  File "/home/duyufeng/OpenNE/src/openne/models/__init__.py", line 18, in <module>
    from .ss_graphmodel import SS_GraphModel # graph classification node sampler
  File "/home/duyufeng/OpenNE/src/openne/models/ss_graphmodel.py", line 10, in <module>
    from ..dataloaders import Graphs
  File "/home/duyufeng/OpenNE/src/openne/dataloaders/__init__.py", line 5, in <module>
    from .graphs import Graphs, MUTAG, PTC_MR, IMDB_BINARY, IMDB_MULTI, REDDIT_BINARY
  File "/home/duyufeng/OpenNE/src/openne/dataloaders/graphs.py", line 3, in <module>
    from torch_geometric.data import DataLoader
ModuleNotFoundError: No module named 'torch_geometric'
Traceback (most recent call last):
  File "/usr/lib/python3.6/runpy.py", line 193, in _run_module_as_main
    "__main__", mod_spec)
  File "/usr/lib/python3.6/runpy.py", line 85, in _run_code
    exec(code, run_globals)
  File "/home/duyufeng/OpenNE/src/openne/__main__.py", line 13, in <module>
    from . import tasks, dataloaders, models
  File "/home/duyufeng/OpenNE/src/openne/tasks/__init__.py", line 2, in <module>
    from .supervised_node_classification import SupervisedNodeClassification, supervisedmodels
  File "/home/duyufeng/OpenNE/src/openne/tasks/supervised_node_classification.py", line 4, in <module>
    from ..models import GCN
  File "/home/duyufeng/OpenNE/src/openne/models/__init__.py", line 18, in <module>
    from .ss_graphmodel import SS_GraphModel # graph classification node sampler
  File "/home/duyufeng/OpenNE/src/openne/models/ss_graphmodel.py", line 10, in <module>
    from ..dataloaders import Graphs
  File "/home/duyufeng/OpenNE/src/openne/dataloaders/__init__.py", line 5, in <module>
    from .graphs import Graphs, MUTAG, PTC_MR, IMDB_BINARY, IMDB_MULTI, REDDIT_BINARY
  File "/home/duyufeng/OpenNE/src/openne/dataloaders/graphs.py", line 3, in <module>
    from torch_geometric.data import DataLoader
ModuleNotFoundError: No module named 'torch_geometric'
